This is pdfTeX, Version 3.1415926-2.5-1.40.14 (MiKTeX 2.9) (preloaded format=pdflatex 2014.3.5)  24 MAY 2015 19:33
entering extended mode
**Main.tex
("C:\Users\Thibaut\Dropbox\M1 IMAGINA\TER_M1\Heliko\documents\rapport\Main.tex"
LaTeX2e <2011/06/27>
Babel <v3.8m> and hyphenation patterns for english, afrikaans, ancientgreek, ar
abic, armenian, assamese, basque, bengali, bokmal, bulgarian, catalan, coptic, 
croatian, czech, danish, dutch, esperanto, estonian, farsi, finnish, french, ga
lician, german, german-x-2013-05-26, greek, gujarati, hindi, hungarian, iceland
ic, indonesian, interlingua, irish, italian, kannada, kurmanji, latin, latvian,
 lithuanian, malayalam, marathi, mongolian, mongolianlmc, monogreek, ngerman, n
german-x-2013-05-26, nynorsk, oriya, panjabi, pinyin, polish, portuguese, roman
ian, russian, sanskrit, serbian, slovak, slovenian, spanish, swedish, swissgerm
an, tamil, telugu, turkish, turkmen, ukenglish, ukrainian, uppersorbian, usengl
ishmax, welsh, loaded.
("C:\Program Files (x86)\MiKTeX 2.9\tex\latex\base\article.cls"
Document Class: article 2007/10/19 v1.4h Standard LaTeX document class
("C:\Program Files (x86)\MiKTeX 2.9\tex\latex\base\size11.clo"
File: size11.clo 2007/10/19 v1.4h Standard LaTeX file (size option)
)
\c@part=\count79
\c@section=\count80
\c@subsection=\count81
\c@subsubsection=\count82
\c@paragraph=\count83
\c@subparagraph=\count84
\c@figure=\count85
\c@table=\count86
\abovecaptionskip=\skip41
\belowcaptionskip=\skip42
\bibindent=\dimen102
)
("C:\Program Files (x86)\MiKTeX 2.9\tex\generic\babel\babel.sty"
Package: babel 2008/07/08 v3.8m The Babel package

*************************************
* Local config file bblopts.cfg used
*
("C:\Program Files (x86)\MiKTeX 2.9\tex\latex\00miktex\bblopts.cfg"
File: bblopts.cfg 2006/07/31 v1.0 MiKTeX 'babel' configuration
)
("C:\Program Files (x86)\MiKTeX 2.9\tex\generic\babel\frenchb.ldf"
Language: frenchb 2009/03/16 v2.3d French support from the babel system

("C:\Program Files (x86)\MiKTeX 2.9\tex\generic\babel\babel.def"
File: babel.def 2008/07/08 v3.8m Babel common definitions
\babel@savecnt=\count87
\U@D=\dimen103
)
Package babel Info: Making : an active character on input line 120.
Package babel Info: Making ; an active character on input line 121.
Package babel Info: Making ! an active character on input line 122.
Package babel Info: Making ? an active character on input line 123.
\FB@Mht=\dimen104
\std@mcc=\count88
\dec@mcc=\count89
\parindentFFN=\dimen105

*************************************
* Local config file frenchb.cfg used
*
("C:\Program Files (x86)\MiKTeX 2.9\tex\generic\babel\frenchb.cfg")))
("C:\Program Files (x86)\MiKTeX 2.9\tex\latex\carlisle\scalefnt.sty")
("C:\Program Files (x86)\MiKTeX 2.9\tex\latex\graphics\keyval.sty"
Package: keyval 1999/03/16 v1.13 key=value parser (DPC)
\KV@toks@=\toks14
)
("C:\Program Files (x86)\MiKTeX 2.9\tex\latex\base\fontenc.sty"
Package: fontenc 2005/09/27 v1.99g Standard LaTeX package

("C:\Program Files (x86)\MiKTeX 2.9\tex\latex\base\t1enc.def"
File: t1enc.def 2005/09/27 v1.99g Standard LaTeX file
LaTeX Font Info:    Redeclaring font encoding T1 on input line 43.
))
("C:\Program Files (x86)\MiKTeX 2.9\tex\latex\base\inputenc.sty"
Package: inputenc 2008/03/30 v1.1d Input encoding file
\inpenc@prehook=\toks15
\inpenc@posthook=\toks16

("C:\Program Files (x86)\MiKTeX 2.9\tex\latex\base\utf8.def"
File: utf8.def 2008/04/05 v1.1m UTF-8 support for inputenc
Now handling font encoding OML ...
... no UTF-8 mapping file for font encoding OML
Now handling font encoding T1 ...
... processing UTF-8 mapping file for font encoding T1

("C:\Program Files (x86)\MiKTeX 2.9\tex\latex\base\t1enc.dfu"
File: t1enc.dfu 2008/04/05 v1.1m UTF-8 support for inputenc
   defining Unicode char U+00A1 (decimal 161)
   defining Unicode char U+00A3 (decimal 163)
   defining Unicode char U+00AB (decimal 171)
   defining Unicode char U+00BB (decimal 187)
   defining Unicode char U+00BF (decimal 191)
   defining Unicode char U+00C0 (decimal 192)
   defining Unicode char U+00C1 (decimal 193)
   defining Unicode char U+00C2 (decimal 194)
   defining Unicode char U+00C3 (decimal 195)
   defining Unicode char U+00C4 (decimal 196)
   defining Unicode char U+00C5 (decimal 197)
   defining Unicode char U+00C6 (decimal 198)
   defining Unicode char U+00C7 (decimal 199)
   defining Unicode char U+00C8 (decimal 200)
   defining Unicode char U+00C9 (decimal 201)
   defining Unicode char U+00CA (decimal 202)
   defining Unicode char U+00CB (decimal 203)
   defining Unicode char U+00CC (decimal 204)
   defining Unicode char U+00CD (decimal 205)
   defining Unicode char U+00CE (decimal 206)
   defining Unicode char U+00CF (decimal 207)
   defining Unicode char U+00D0 (decimal 208)
   defining Unicode char U+00D1 (decimal 209)
   defining Unicode char U+00D2 (decimal 210)
   defining Unicode char U+00D3 (decimal 211)
   defining Unicode char U+00D4 (decimal 212)
   defining Unicode char U+00D5 (decimal 213)
   defining Unicode char U+00D6 (decimal 214)
   defining Unicode char U+00D8 (decimal 216)
   defining Unicode char U+00D9 (decimal 217)
   defining Unicode char U+00DA (decimal 218)
   defining Unicode char U+00DB (decimal 219)
   defining Unicode char U+00DC (decimal 220)
   defining Unicode char U+00DD (decimal 221)
   defining Unicode char U+00DE (decimal 222)
   defining Unicode char U+00DF (decimal 223)
   defining Unicode char U+00E0 (decimal 224)
   defining Unicode char U+00E1 (decimal 225)
   defining Unicode char U+00E2 (decimal 226)
   defining Unicode char U+00E3 (decimal 227)
   defining Unicode char U+00E4 (decimal 228)
   defining Unicode char U+00E5 (decimal 229)
   defining Unicode char U+00E6 (decimal 230)
   defining Unicode char U+00E7 (decimal 231)
   defining Unicode char U+00E8 (decimal 232)
   defining Unicode char U+00E9 (decimal 233)
   defining Unicode char U+00EA (decimal 234)
   defining Unicode char U+00EB (decimal 235)
   defining Unicode char U+00EC (decimal 236)
   defining Unicode char U+00ED (decimal 237)
   defining Unicode char U+00EE (decimal 238)
   defining Unicode char U+00EF (decimal 239)
   defining Unicode char U+00F0 (decimal 240)
   defining Unicode char U+00F1 (decimal 241)
   defining Unicode char U+00F2 (decimal 242)
   defining Unicode char U+00F3 (decimal 243)
   defining Unicode char U+00F4 (decimal 244)
   defining Unicode char U+00F5 (decimal 245)
   defining Unicode char U+00F6 (decimal 246)
   defining Unicode char U+00F8 (decimal 248)
   defining Unicode char U+00F9 (decimal 249)
   defining Unicode char U+00FA (decimal 250)
   defining Unicode char U+00FB (decimal 251)
   defining Unicode char U+00FC (decimal 252)
   defining Unicode char U+00FD (decimal 253)
   defining Unicode char U+00FE (decimal 254)
   defining Unicode char U+00FF (decimal 255)
   defining Unicode char U+0102 (decimal 258)
   defining Unicode char U+0103 (decimal 259)
   defining Unicode char U+0104 (decimal 260)
   defining Unicode char U+0105 (decimal 261)
   defining Unicode char U+0106 (decimal 262)
   defining Unicode char U+0107 (decimal 263)
   defining Unicode char U+010C (decimal 268)
   defining Unicode char U+010D (decimal 269)
   defining Unicode char U+010E (decimal 270)
   defining Unicode char U+010F (decimal 271)
   defining Unicode char U+0110 (decimal 272)
   defining Unicode char U+0111 (decimal 273)
   defining Unicode char U+0118 (decimal 280)
   defining Unicode char U+0119 (decimal 281)
   defining Unicode char U+011A (decimal 282)
   defining Unicode char U+011B (decimal 283)
   defining Unicode char U+011E (decimal 286)
   defining Unicode char U+011F (decimal 287)
   defining Unicode char U+0130 (decimal 304)
   defining Unicode char U+0131 (decimal 305)
   defining Unicode char U+0132 (decimal 306)
   defining Unicode char U+0133 (decimal 307)
   defining Unicode char U+0139 (decimal 313)
   defining Unicode char U+013A (decimal 314)
   defining Unicode char U+013D (decimal 317)
   defining Unicode char U+013E (decimal 318)
   defining Unicode char U+0141 (decimal 321)
   defining Unicode char U+0142 (decimal 322)
   defining Unicode char U+0143 (decimal 323)
   defining Unicode char U+0144 (decimal 324)
   defining Unicode char U+0147 (decimal 327)
   defining Unicode char U+0148 (decimal 328)
   defining Unicode char U+014A (decimal 330)
   defining Unicode char U+014B (decimal 331)
   defining Unicode char U+0150 (decimal 336)
   defining Unicode char U+0151 (decimal 337)
   defining Unicode char U+0152 (decimal 338)
   defining Unicode char U+0153 (decimal 339)
   defining Unicode char U+0154 (decimal 340)
   defining Unicode char U+0155 (decimal 341)
   defining Unicode char U+0158 (decimal 344)
   defining Unicode char U+0159 (decimal 345)
   defining Unicode char U+015A (decimal 346)
   defining Unicode char U+015B (decimal 347)
   defining Unicode char U+015E (decimal 350)
   defining Unicode char U+015F (decimal 351)
   defining Unicode char U+0160 (decimal 352)
   defining Unicode char U+0161 (decimal 353)
   defining Unicode char U+0162 (decimal 354)
   defining Unicode char U+0163 (decimal 355)
   defining Unicode char U+0164 (decimal 356)
   defining Unicode char U+0165 (decimal 357)
   defining Unicode char U+016E (decimal 366)
   defining Unicode char U+016F (decimal 367)
   defining Unicode char U+0170 (decimal 368)
   defining Unicode char U+0171 (decimal 369)
   defining Unicode char U+0178 (decimal 376)
   defining Unicode char U+0179 (decimal 377)
   defining Unicode char U+017A (decimal 378)
   defining Unicode char U+017B (decimal 379)
   defining Unicode char U+017C (decimal 380)
   defining Unicode char U+017D (decimal 381)
   defining Unicode char U+017E (decimal 382)
   defining Unicode char U+200C (decimal 8204)
   defining Unicode char U+2013 (decimal 8211)
   defining Unicode char U+2014 (decimal 8212)
   defining Unicode char U+2018 (decimal 8216)
   defining Unicode char U+2019 (decimal 8217)
   defining Unicode char U+201A (decimal 8218)
   defining Unicode char U+201C (decimal 8220)
   defining Unicode char U+201D (decimal 8221)
   defining Unicode char U+201E (decimal 8222)
   defining Unicode char U+2030 (decimal 8240)
   defining Unicode char U+2031 (decimal 8241)
   defining Unicode char U+2039 (decimal 8249)
   defining Unicode char U+203A (decimal 8250)
   defining Unicode char U+2423 (decimal 9251)
)
Now handling font encoding OT1 ...
... processing UTF-8 mapping file for font encoding OT1

("C:\Program Files (x86)\MiKTeX 2.9\tex\latex\base\ot1enc.dfu"
File: ot1enc.dfu 2008/04/05 v1.1m UTF-8 support for inputenc
   defining Unicode char U+00A1 (decimal 161)
   defining Unicode char U+00A3 (decimal 163)
   defining Unicode char U+00B8 (decimal 184)
   defining Unicode char U+00BF (decimal 191)
   defining Unicode char U+00C5 (decimal 197)
   defining Unicode char U+00C6 (decimal 198)
   defining Unicode char U+00D8 (decimal 216)
   defining Unicode char U+00DF (decimal 223)
   defining Unicode char U+00E6 (decimal 230)
   defining Unicode char U+00EC (decimal 236)
   defining Unicode char U+00ED (decimal 237)
   defining Unicode char U+00EE (decimal 238)
   defining Unicode char U+00EF (decimal 239)
   defining Unicode char U+00F8 (decimal 248)
   defining Unicode char U+0131 (decimal 305)
   defining Unicode char U+0141 (decimal 321)
   defining Unicode char U+0142 (decimal 322)
   defining Unicode char U+0152 (decimal 338)
   defining Unicode char U+0153 (decimal 339)
   defining Unicode char U+2013 (decimal 8211)
   defining Unicode char U+2014 (decimal 8212)
   defining Unicode char U+2018 (decimal 8216)
   defining Unicode char U+2019 (decimal 8217)
   defining Unicode char U+201C (decimal 8220)
   defining Unicode char U+201D (decimal 8221)
)
Now handling font encoding OMS ...
... processing UTF-8 mapping file for font encoding OMS

("C:\Program Files (x86)\MiKTeX 2.9\tex\latex\base\omsenc.dfu"
File: omsenc.dfu 2008/04/05 v1.1m UTF-8 support for inputenc
   defining Unicode char U+00A7 (decimal 167)
   defining Unicode char U+00B6 (decimal 182)
   defining Unicode char U+00B7 (decimal 183)
   defining Unicode char U+2020 (decimal 8224)
   defining Unicode char U+2021 (decimal 8225)
   defining Unicode char U+2022 (decimal 8226)
)
Now handling font encoding OMX ...
... no UTF-8 mapping file for font encoding OMX
Now handling font encoding U ...
... no UTF-8 mapping file for font encoding U
   defining Unicode char U+00A9 (decimal 169)
   defining Unicode char U+00AA (decimal 170)
   defining Unicode char U+00AE (decimal 174)
   defining Unicode char U+00BA (decimal 186)
   defining Unicode char U+02C6 (decimal 710)
   defining Unicode char U+02DC (decimal 732)
   defining Unicode char U+200C (decimal 8204)
   defining Unicode char U+2026 (decimal 8230)
   defining Unicode char U+2122 (decimal 8482)
   defining Unicode char U+2423 (decimal 9251)
))
("C:\Program Files (x86)\MiKTeX 2.9\tex\latex\graphics\graphicx.sty"
Package: graphicx 1999/02/16 v1.0f Enhanced LaTeX Graphics (DPC,SPQR)

("C:\Program Files (x86)\MiKTeX 2.9\tex\latex\graphics\graphics.sty"
Package: graphics 2009/02/05 v1.0o Standard LaTeX Graphics (DPC,SPQR)

("C:\Program Files (x86)\MiKTeX 2.9\tex\latex\graphics\trig.sty"
Package: trig 1999/03/16 v1.09 sin cos tan (DPC)
)
("C:\Program Files (x86)\MiKTeX 2.9\tex\latex\00miktex\graphics.cfg"
File: graphics.cfg 2007/01/18 v1.5 graphics configuration of teTeX/TeXLive
)
Package graphics Info: Driver file: pdftex.def on input line 91.

("C:\Program Files (x86)\MiKTeX 2.9\tex\latex\pdftex-def\pdftex.def"
File: pdftex.def 2011/05/27 v0.06d Graphics/color for pdfTeX

("C:\Program Files (x86)\MiKTeX 2.9\tex\generic\oberdiek\infwarerr.sty"
Package: infwarerr 2010/04/08 v1.3 Providing info/warning/error messages (HO)
)
("C:\Program Files (x86)\MiKTeX 2.9\tex\generic\oberdiek\ltxcmds.sty"
Package: ltxcmds 2011/11/09 v1.22 LaTeX kernel commands for general use (HO)
)
\Gread@gobject=\count90
))
\Gin@req@height=\dimen106
\Gin@req@width=\dimen107
)
("C:\Program Files (x86)\MiKTeX 2.9\tex\latex\pdfpages\pdfpages.sty"
Package: pdfpages 2013/08/25 v0.4v Insert pages of external PDF documents (AM)

("C:\Program Files (x86)\MiKTeX 2.9\tex\latex\base\ifthen.sty"
Package: ifthen 2001/05/26 v1.1c Standard LaTeX ifthen package (DPC)
)
("C:\Program Files (x86)\MiKTeX 2.9\tex\latex\tools\calc.sty"
Package: calc 2007/08/22 v4.3 Infix arithmetic (KKT,FJ)
\calc@Acount=\count91
\calc@Bcount=\count92
\calc@Adimen=\dimen108
\calc@Bdimen=\dimen109
\calc@Askip=\skip43
\calc@Bskip=\skip44
LaTeX Info: Redefining \setlength on input line 76.
LaTeX Info: Redefining \addtolength on input line 77.
\calc@Ccount=\count93
\calc@Cskip=\skip45
)
("C:\Program Files (x86)\MiKTeX 2.9\tex\latex\eso-pic\eso-pic.sty"
Package: eso-pic 2013/10/06 v2.0d eso-pic (RN)

("C:\Program Files (x86)\MiKTeX 2.9\tex\generic\oberdiek\atbegshi.sty"
Package: atbegshi 2011/10/05 v1.16 At begin shipout hook (HO)

("C:\Program Files (x86)\MiKTeX 2.9\tex\generic\oberdiek\ifpdf.sty"
Package: ifpdf 2011/01/30 v2.3 Provides the ifpdf switch (HO)
Package ifpdf Info: pdfTeX in PDF mode is detected.
))
("C:\Program Files (x86)\MiKTeX 2.9\tex\latex\xcolor\xcolor.sty"
Package: xcolor 2007/01/21 v2.11 LaTeX color extensions (UK)

("C:\Program Files (x86)\MiKTeX 2.9\tex\latex\00miktex\color.cfg"
File: color.cfg 2007/01/18 v1.5 color configuration of teTeX/TeXLive
)
Package xcolor Info: Driver file: pdftex.def on input line 225.
Package xcolor Info: Model `cmy' substituted by `cmy0' on input line 1337.
Package xcolor Info: Model `hsb' substituted by `rgb' on input line 1341.
Package xcolor Info: Model `RGB' extended on input line 1353.
Package xcolor Info: Model `HTML' substituted by `rgb' on input line 1355.
Package xcolor Info: Model `Hsb' substituted by `hsb' on input line 1356.
Package xcolor Info: Model `tHsb' substituted by `hsb' on input line 1357.
Package xcolor Info: Model `HSB' substituted by `hsb' on input line 1358.
Package xcolor Info: Model `Gray' substituted by `gray' on input line 1359.
Package xcolor Info: Model `wave' substituted by `hsb' on input line 1360.
))
("C:\Program Files (x86)\MiKTeX 2.9\tex\latex\pdfpages\pppdftex.def"
File: pppdftex.def 2013/08/25 v0.4v Pdfpages driver for pdfTeX (AM)
)
\AM@pagebox=\box26
\AM@toc@title=\toks17
\c@AM@survey=\count94
\AM@templatesizebox=\box27
)
("C:\Program Files (x86)\MiKTeX 2.9\tex\latex\fancybox\fancybox.sty"
Package: fancybox 2010/05/15 1.4

Style option: `fancybox' v1.4 <2010/05/15> (tvz)
\@fancybox=\box28
\shadowsize=\dimen110
\@Sbox=\box29
\do@VerbBox=\toks18
\the@fancyput=\toks19
\this@fancyput=\toks20
\EndVerbatimTokens=\toks21
\Verbatim@Outfile=\write3
\Verbatim@Infile=\read1
) ("C:\Program Files (x86)\MiKTeX 2.9\tex\latex\listings\listings.sty"
\lst@mode=\count95
\lst@gtempboxa=\box30
\lst@token=\toks22
\lst@length=\count96
\lst@currlwidth=\dimen111
\lst@column=\count97
\lst@pos=\count98
\lst@lostspace=\dimen112
\lst@width=\dimen113
\lst@newlines=\count99
\lst@lineno=\count100
\lst@maxwidth=\dimen114

("C:\Program Files (x86)\MiKTeX 2.9\tex\latex\listings\lstmisc.sty"
File: lstmisc.sty 2014/03/04 1.5c (Carsten Heinz)
\c@lstnumber=\count101
\lst@skipnumbers=\count102
\lst@framebox=\box31
)
("C:\Program Files (x86)\MiKTeX 2.9\tex\latex\listings\listings.cfg"
File: listings.cfg 2014/03/04 1.5c listings configuration
))
Package: listings 2014/03/04 1.5c (Carsten Heinz)

("C:\Program Files (x86)\MiKTeX 2.9\tex\latex\eurosym\eurosym.sty"
Package: eurosym 1998/08/06 v1.1 European currency symbol ``Euro''
\@eurobox=\box32
)
("C:\Program Files (x86)\MiKTeX 2.9\tex\latex\float\float.sty"
Package: float 2001/11/08 v1.3d Float enhancements (AL)
\c@float@type=\count103
\float@exts=\toks23
\float@box=\box33
\@float@everytoks=\toks24
\@floatcapt=\box34
)
("C:\Program Files (x86)\MiKTeX 2.9\tex\latex\bera\beramono.sty"
Package: beramono 2004/01/31 (WaS)
)
("C:\Program Files (x86)\MiKTeX 2.9\tex\latex\listings\lstlang1.sty"
File: lstlang1.sty 2014/03/04 1.5c listings language file
)
("C:\Users\Thibaut\Dropbox\M1 IMAGINA\TER_M1\Heliko\documents\rapport\Main.aux"

LaTeX Warning: Label `transitions_scenes' multiply defined.


LaTeX Warning: Label `SelectionMiniJeu' multiply defined.


LaTeX Warning: Label `SelectionMiniJeu' multiply defined.


LaTeX Warning: Label `transitions_scenes' multiply defined.


LaTeX Warning: Label `transitions_scenes' multiply defined.


LaTeX Warning: Label `analytics' multiply defined.


LaTeX Warning: Label `analytics' multiply defined.


LaTeX Warning: Label `analytics' multiply defined.


LaTeX Warning: Label `analytics' multiply defined.


LaTeX Warning: Label `analytics' multiply defined.

)
LaTeX Font Info:    Checking defaults for OML/cmm/m/it on input line 35.
LaTeX Font Info:    ... okay on input line 35.
LaTeX Font Info:    Checking defaults for T1/cmr/m/n on input line 35.
LaTeX Font Info:    ... okay on input line 35.
LaTeX Font Info:    Checking defaults for OT1/cmr/m/n on input line 35.
LaTeX Font Info:    ... okay on input line 35.
LaTeX Font Info:    Checking defaults for OMS/cmsy/m/n on input line 35.
LaTeX Font Info:    ... okay on input line 35.
LaTeX Font Info:    Checking defaults for OMX/cmex/m/n on input line 35.
LaTeX Font Info:    ... okay on input line 35.
LaTeX Font Info:    Checking defaults for U/cmr/m/n on input line 35.
LaTeX Font Info:    ... okay on input line 35.
LaTeX Info: Redefining \degres on input line 35.
LaTeX Info: Redefining \dots on input line 35.
LaTeX Info: Redefining \up on input line 35.
 ("C:\Program Files (x86)\MiKTeX 2.9\tex\context\base\supp-pdf.mkii"
[Loading MPS to PDF converter (version 2006.09.02).]
\scratchcounter=\count104
\scratchdimen=\dimen115
\scratchbox=\box35
\nofMPsegments=\count105
\nofMParguments=\count106
\everyMPshowfont=\toks25
\MPscratchCnt=\count107
\MPscratchDim=\dimen116
\MPnumerator=\count108
\makeMPintoPDFobject=\count109
\everyMPtoPDFconversion=\toks26
)
\AtBeginShipoutBox=\box36
\c@lstlisting=\count110

("C:\Users\Thibaut\Dropbox\M1 IMAGINA\TER_M1\Heliko\documents\rapport\Title.tex
" <./img/logoUM.png, id=1, 96.36pt x 96.36pt>
File: ./img/logoUM.png Graphic file (type png)
 <use ./img/logoUM.png>
Package pdftex.def Info: ./img/logoUM.png used on input line 5.
(pdftex.def)             Requested size: 90.0pt x 89.99907pt.

<./img/logo.png, id=3, 894.34125pt x 848.16875pt>
File: ./img/logo.png Graphic file (type png)
 <use ./img/logo.png>
Package pdftex.def Info: ./img/logo.png used on input line 18.
(pdftex.def)             Requested size: 143.9978pt x 136.56393pt.
LaTeX Font Info:    External font `cmex10' loaded for size
(Font)              <10.95> on input line 29.
LaTeX Font Info:    External font `cmex10' loaded for size
(Font)              <8> on input line 29.
LaTeX Font Info:    External font `cmex10' loaded for size
(Font)              <6> on input line 29.
 [1

{C:/ProgramData/MiKTeX/2.9/pdftex/config/pdftex.map} <C:/Users/Thibaut/Dropbox/
M1 IMAGINA/TER_M1/Heliko/documents/rapport/img/logoUM.png> <C:/Users/Thibaut/Dr
opbox/M1 IMAGINA/TER_M1/Heliko/documents/rapport/img/logo.png>]) [1] [2]
("C:\Users\Thibaut\Dropbox\M1 IMAGINA\TER_M1\Heliko\documents\rapport\Main.toc"
[1])
\tf@toc=\write4
 [2]
("C:\Users\Thibaut\Dropbox\M1 IMAGINA\TER_M1\Heliko\documents\rapport\Main.lof"
)
\tf@lof=\write5
 [3]
("C:\Users\Thibaut\Dropbox\M1 IMAGINA\TER_M1\Heliko\documents\rapport\Introduct
ion.tex") [4]
("C:\Users\Thibaut\Dropbox\M1 IMAGINA\TER_M1\Heliko\documents\rapport\AnalysePr
ojet.tex" [5] <./img/protoPlanete.png, id=42, 703.12688pt x 560.0925pt>
File: ./img/protoPlanete.png Graphic file (type png)

<use ./img/protoPlanete.png>
Package pdftex.def Info: ./img/protoPlanete.png used on input line 27.
(pdftex.def)             Requested size: 281.24576pt x 224.03302pt.

<./img/rhythmParadise.png, id=43, 628.59843pt x 432.86719pt>
File: ./img/rhythmParadise.png Graphic file (type png)

<use ./img/rhythmParadise.png>
Package pdftex.def Info: ./img/rhythmParadise.png used on input line 40.
(pdftex.def)             Requested size: 251.4349pt x 173.1438pt.
 [6 <C:/Users/Thibaut/Dropbox/M1 IMAGINA/TER_M1/Heliko/documents/rapport/img/pr
otoPlanete.png>] [7 <C:/Users/Thibaut/Dropbox/M1 IMAGINA/TER_M1/Heliko/document
s/rapport/img/rhythmParadise.png>]
Underfull \hbox (badness 10000) in paragraph at lines 76--78

 []

) [8]
("C:\Users\Thibaut\Dropbox\M1 IMAGINA\TER_M1\Heliko\documents\rapport\RapportAc
tivite.tex" <./img/unity-3D.png, id=56, 1284.8pt x 847.165pt>
File: ./img/unity-3D.png Graphic file (type png)

<use ./img/unity-3D.png>
Package pdftex.def Info: ./img/unity-3D.png used on input line 19.
(pdftex.def)             Requested size: 359.74155pt x 237.20457pt.
 [9 <C:/Users/Thibaut/Dropbox/M1 IMAGINA/TER_M1/Heliko/documents/rapport/img/un
ity-3D.png>]) [10]
("C:\Users\Thibaut\Dropbox\M1 IMAGINA\TER_M1\Heliko\documents\rapport\RapportTe
chnique.tex"
Underfull \hbox (badness 10000) in paragraph at lines 31--32

 []


Underfull \hbox (badness 10000) in paragraph at lines 35--36

 []


Underfull \hbox (badness 10000) in paragraph at lines 35--36

 []

[11]
LaTeX Font Info:    Try loading font information for OMS+cmr on input line 40.
 ("C:\Program Files (x86)\MiKTeX 2.9\tex\latex\base\omscmr.fd"
File: omscmr.fd 1999/05/25 v2.5h Standard LaTeX font definitions
)
LaTeX Font Info:    Font shape `OMS/cmr/m/n' in size <10> not available
(Font)              Font shape `OMS/cmsy/m/n' tried instead on input line 40.

Underfull \hbox (badness 10000) in paragraph at lines 65--70

 []


Underfull \hbox (badness 10000) in paragraph at lines 65--70

 []


Underfull \hbox (badness 10000) in paragraph at lines 65--70

 []


Underfull \hbox (badness 10000) in paragraph at lines 65--70

 []

[12]
LaTeX Font Info:    Try loading font information for T1+fvm on input line 73.
 ("C:\Program Files (x86)\MiKTeX 2.9\tex\latex\bera\t1fvm.fd"
File: t1fvm.fd 2004/09/07 scalable font definitions for T1/fvm.
)
LaTeX Font Info:    Font shape `T1/fvm/m/n' will be
(Font)              scaled to size 9.85492pt on input line 73.

Underfull \hbox (badness 10000) in paragraph at lines 73--77

 []


Underfull \hbox (badness 10000) in paragraph at lines 73--77

 []

LaTeX Font Info:    External font `cmex10' loaded for size
(Font)              <7> on input line 80.
LaTeX Font Info:    External font `cmex10' loaded for size
(Font)              <5> on input line 80.

Underfull \hbox (badness 10000) in paragraph at lines 93--96

 []


Underfull \hbox (badness 10000) in paragraph at lines 93--96

 []


Underfull \hbox (badness 10000) in paragraph at lines 104--124

 []


Underfull \hbox (badness 10000) in paragraph at lines 104--124

 []


Underfull \hbox (badness 10000) in paragraph at lines 104--124

 []

[13]
LaTeX Font Info:    Font shape `T1/fvm/bx/n' in size <10.95> not available
(Font)              Font shape `T1/fvm/b/n' tried instead on input line 127.
LaTeX Font Info:    Font shape `T1/fvm/b/n' will be
(Font)              scaled to size 9.85492pt on input line 127.

Underfull \hbox (badness 10000) in paragraph at lines 127--129

 []

[14] <./img/diagEtatTransition.png, id=83, 519.89232pt x 234.42581pt>
File: ./img/diagEtatTransition.png Graphic file (type png)

<use ./img/diagEtatTransition.png>
Package pdftex.def Info: ./img/diagEtatTransition.png used on input line 138.
(pdftex.def)             Requested size: 363.92215pt x 164.09694pt.

Overfull \hbox (3.92215pt too wide) in paragraph at lines 138--139
 [][] 
 []


Underfull \hbox (badness 10000) in paragraph at lines 148--151

 []


Underfull \hbox (badness 10000) in paragraph at lines 157--164

 []


Underfull \hbox (badness 10000) in paragraph at lines 157--164

 []


Underfull \hbox (badness 10000) in paragraph at lines 157--164

 []

[15 <C:/Users/Thibaut/Dropbox/M1 IMAGINA/TER_M1/Heliko/documents/rapport/img/di
agEtatTransition.png>]
<./img/diagramme_moteur.png, id=88, 487.3407pt x 337.5009pt>
File: ./img/diagramme_moteur.png Graphic file (type png)

<use ./img/diagramme_moteur.png>
Package pdftex.def Info: ./img/diagramme_moteur.png used on input line 168.
(pdftex.def)             Requested size: 487.33951pt x 337.50008pt.
 [16 <C:/Users/Thibaut/Dropbox/M1 IMAGINA/TER_M1/Heliko/documents/rapport/img/d
iagramme_moteur.png>]
LaTeX Font Info:    Font shape `T1/fvm/m/n' will be
(Font)              scaled to size 8.99994pt on input line 190.

Overfull \hbox (3.00288pt too wide) in paragraph at lines 189--193
\T1/fvm/m/n/10 fichier midi = <header chunk> + <track chunk> [+ <track chunk> .
..] 
 []


Underfull \hbox (badness 10000) in paragraph at lines 189--193

 []


Overfull \hbox (13.83879pt too wide) in paragraph at lines 189--193
\T1/fvm/m/n/10 header chunk = "MThd" + <header length> + <format> + <n> + <divi
sion> 
 []


Underfull \hbox (badness 10000) in paragraph at lines 189--193

 []

("C:\Program Files (x86)\MiKTeX 2.9\tex\latex\listings\lstlang1.sty"
File: lstlang1.sty 2014/03/04 1.5c listings language file
)
("C:\Program Files (x86)\MiKTeX 2.9\tex\latex\listings\lstlang2.sty"
File: lstlang2.sty 2014/03/04 1.5c listings language file
) [17]
Overfull \hbox (13.83879pt too wide) in paragraph at lines 203--207
\T1/fvm/m/n/10 track chunk = "MTrk" + <length> + <track event> [+ <track event>
 ...] 
 []


Underfull \hbox (badness 10000) in paragraph at lines 203--207

 []


Underfull \hbox (badness 10000) in paragraph at lines 203--207

 []


Underfull \hbox (badness 10000) in paragraph at lines 203--207

 []


Underfull \hbox (badness 10000) in paragraph at lines 220--223

 []


Underfull \hbox (badness 10000) in paragraph at lines 224--225

 []


Underfull \hbox (badness 10000) in paragraph at lines 238--239

 []


Underfull \hbox (badness 10000) in paragraph at lines 238--239

 []

[18]
Underfull \hbox (badness 1552) in paragraph at lines 246--246
[]\T1/cmr/bx/n/10.95 Note tech-nique sur la quan-tité à lon-gueur va-riable
 []

<./img/vlqOctet.png, id=100, 130.98938pt x 65.24374pt>
File: ./img/vlqOctet.png Graphic file (type png)

<use ./img/vlqOctet.png>
Package pdftex.def Info: ./img/vlqOctet.png used on input line 246.
(pdftex.def)             Requested size: 130.98904pt x 65.24358pt.

Underfull \hbox (badness 10000) in paragraph at lines 246--247

 []


Underfull \hbox (badness 10000) in paragraph at lines 246--247

 []


Underfull \hbox (badness 10000) in paragraph at lines 259--261

 []

[19 <C:/Users/Thibaut/Dropbox/M1 IMAGINA/TER_M1/Heliko/documents/rapport/img/vl
qOctet.png>]
Underfull \hbox (badness 10000) in paragraph at lines 276--277

 []

<./img/logic_sound.png, id=105, 1439.3775pt x 354.32375pt>
File: ./img/logic_sound.png Graphic file (type png)

<use ./img/logic_sound.png>
Package pdftex.def Info: ./img/logic_sound.png used on input line 282.
(pdftex.def)             Requested size: 312.9803pt x 77.04315pt.

Underfull \hbox (badness 10000) in paragraph at lines 288--289

 []

<./img/logic_midi.png, id=106, 1125.20375pt x 350.30875pt>
File: ./img/logic_midi.png Graphic file (type png)

<use ./img/logic_midi.png>
Package pdftex.def Info: ./img/logic_midi.png used on input line 291.
(pdftex.def)             Requested size: 312.9803pt x 97.439pt.
 [20 <C:/Users/Thibaut/Dropbox/M1 IMAGINA/TER_M1/Heliko/documents/rapport/img/l
ogic_sound.png>]
<./img/logic_edit.png, id=111, 1039.885pt x 367.3725pt>
File: ./img/logic_edit.png Graphic file (type png)

<use ./img/logic_edit.png>
Package pdftex.def Info: ./img/logic_edit.png used on input line 301.
(pdftex.def)             Requested size: 312.9803pt x 110.56575pt.

<./img/logic_export.png, id=112, 703.62875pt x 117.43875pt>
File: ./img/logic_export.png Graphic file (type png)

<use ./img/logic_export.png>
Package pdftex.def Info: ./img/logic_export.png used on input line 310.
(pdftex.def)             Requested size: 312.9803pt x 52.23767pt.
 [21 <C:/Users/Thibaut/Dropbox/M1 IMAGINA/TER_M1/Heliko/documents/rapport/img/l
ogic_midi.png> <C:/Users/Thibaut/Dropbox/M1 IMAGINA/TER_M1/Heliko/documents/rap
port/img/logic_edit.png> <C:/Users/Thibaut/Dropbox/M1 IMAGINA/TER_M1/Heliko/doc
uments/rapport/img/logic_export.png>]
<./img/MenuMort.png, id=119, 183.68625pt x 206.27063pt>
File: ./img/MenuMort.png Graphic file (type png)

<use ./img/MenuMort.png>
Package pdftex.def Info: ./img/MenuMort.png used on input line 333.
(pdftex.def)             Requested size: 165.31607pt x 185.64183pt.
 [22]
<./img/SelectionMiniJeu.png, id=124, 268.00125pt x 210.7875pt>
File: ./img/SelectionMiniJeu.png Graphic file (type png)

<use ./img/SelectionMiniJeu.png>
Package pdftex.def Info: ./img/SelectionMiniJeu.png used on input line 343.
(pdftex.def)             Requested size: 241.19888pt x 189.707pt.
 [23 <C:/Users/Thibaut/Dropbox/M1 IMAGINA/TER_M1/Heliko/documents/rapport/img/M
enuMort.png> <C:/Users/Thibaut/Dropbox/M1 IMAGINA/TER_M1/Heliko/documents/rappo
rt/img/SelectionMiniJeu.png>]
<./img/technique_graphismes.png, id=128, 335.75438pt x 463.7325pt>
File: ./img/technique_graphismes.png Graphic file (type png)

<use ./img/technique_graphismes.png>
Package pdftex.def Info: ./img/technique_graphismes.png used on input line 361.

(pdftex.def)             Requested size: 201.45418pt x 278.24164pt.
 [24]
<./img/technique_animation1.png, id=132, 625.58719pt x 139.27031pt>
File: ./img/technique_animation1.png Graphic file (type png)

<use ./img/technique_animation1.png>
Package pdftex.def Info: ./img/technique_animation1.png used on input line 373.

(pdftex.def)             Requested size: 344.07402pt x 76.59889pt.
 [25 <C:/Users/Thibaut/Dropbox/M1 IMAGINA/TER_M1/Heliko/documents/rapport/img/t
echnique_graphismes.png> <C:/Users/Thibaut/Dropbox/M1 IMAGINA/TER_M1/Heliko/doc
uments/rapport/img/technique_animation1.png>] <./img/technique_animation2.png, 
id=137, 627.09282pt x 163.3603pt>
File: ./img/technique_animation2.png Graphic file (type png)

<use ./img/technique_animation2.png>
Package pdftex.def Info: ./img/technique_animation2.png used on input line 381.

(pdftex.def)             Requested size: 344.90211pt x 89.84843pt.

<./img/technique_animation3.png, id=138, 344.78813pt x 165.61874pt>
File: ./img/technique_animation3.png Graphic file (type png)

<use ./img/technique_animation3.png>
Package pdftex.def Info: ./img/technique_animation3.png used on input line 389.

(pdftex.def)             Requested size: 189.63405pt x 91.09058pt.
 [26 <C:/Users/Thibaut/Dropbox/M1 IMAGINA/TER_M1/Heliko/documents/rapport/img/t
echnique_animation2.png> <C:/Users/Thibaut/Dropbox/M1 IMAGINA/TER_M1/Heliko/doc
uments/rapport/img/technique_animation3.png>] [27] <./img/compteur_tuto.png, id
=145, 679.78969pt x 322.95656pt>
File: ./img/compteur_tuto.png Graphic file (type png)

<use ./img/compteur_tuto.png>
Package pdftex.def Info: ./img/compteur_tuto.png used on input line 437.
(pdftex.def)             Requested size: 190.33981pt x 90.42722pt.
 [28 <C:/Users/Thibaut/Dropbox/M1 IMAGINA/TER_M1/Heliko/documents/rapport/img/c
ompteur_tuto.png (PNG copy)>]
<./img/skip_locked.png, id=150, 717.43031pt x 447.92343pt>
File: ./img/skip_locked.png Graphic file (type png)

<use ./img/skip_locked.png>
Package pdftex.def Info: ./img/skip_locked.png used on input line 447.
(pdftex.def)             Requested size: 143.48352pt x 89.5831pt.

<./img/skip_locked_popup.png, id=151, 717.43031pt x 447.92343pt>
File: ./img/skip_locked_popup.png Graphic file (type png)

<use ./img/skip_locked_popup.png>
Package pdftex.def Info: ./img/skip_locked_popup.png used on input line 452.
(pdftex.def)             Requested size: 143.48352pt x 89.5831pt.

<./img/skip_unlocked.png, id=152, 718.93594pt x 447.92343pt>
File: ./img/skip_unlocked.png Graphic file (type png)

<use ./img/skip_unlocked.png>
Package pdftex.def Info: ./img/skip_unlocked.png used on input line 458.
(pdftex.def)             Requested size: 143.78464pt x 89.5831pt.

<./img/skip_unlocked_popup.png, id=153, 719.68875pt x 447.92343pt>
File: ./img/skip_unlocked_popup.png Graphic file (type png)

<use ./img/skip_unlocked_popup.png>
Package pdftex.def Info: ./img/skip_unlocked_popup.png used on input line 463.
(pdftex.def)             Requested size: 143.9352pt x 89.5831pt.

<./img/scenes-transitions.png, id=154, 339.1872pt x 247.6452pt>
File: ./img/scenes-transitions.png Graphic file (type png)

<use ./img/scenes-transitions.png>
Package pdftex.def Info: ./img/scenes-transitions.png used on input line 477.
(pdftex.def)             Requested size: 237.42941pt x 173.35043pt.
 [29 <C:/Users/Thibaut/Dropbox/M1 IMAGINA/TER_M1/Heliko/documents/rapport/img/s
kip_locked.png> <C:/Users/Thibaut/Dropbox/M1 IMAGINA/TER_M1/Heliko/documents/ra
pport/img/skip_locked_popup.png> <C:/Users/Thibaut/Dropbox/M1 IMAGINA/TER_M1/He
liko/documents/rapport/img/skip_unlocked.png> <C:/Users/Thibaut/Dropbox/M1 IMAG
INA/TER_M1/Heliko/documents/rapport/img/skip_unlocked_popup.png>] <./img/loadin
g.png, id=158, 532.99126pt x 255.20343pt>
File: ./img/loading.png Graphic file (type png)

<use ./img/loading.png>
Package pdftex.def Info: ./img/loading.png used on input line 486.
(pdftex.def)             Requested size: 159.8986pt x 76.56161pt.
 <./img/scene.png, id=159, 718.93594pt x 448.67625pt>
File: ./img/scene.png Graphic file (type png)

<use ./img/scene.png>
Package pdftex.def Info: ./img/scene.png used on input line 496.
(pdftex.def)             Requested size: 143.78464pt x 89.73366pt.
 <./img/cartoon.png, id=160, 718.93594pt x 448.67625pt>
File: ./img/cartoon.png Graphic file (type png)

<use ./img/cartoon.png>
Package pdftex.def Info: ./img/cartoon.png used on input line 501.
(pdftex.def)             Requested size: 143.78464pt x 89.73366pt.
 [30 <C:/Users/Thibaut/Dropbox/M1 IMAGINA/TER_M1/Heliko/documents/rapport/img/s
cenes-transitions.png (PNG copy)> <C:/Users/Thibaut/Dropbox/M1 IMAGINA/TER_M1/H
eliko/documents/rapport/img/loading.png (PNG copy)> <C:/Users/Thibaut/Dropbox/M
1 IMAGINA/TER_M1/Heliko/documents/rapport/img/scene.png (PNG copy)> <C:/Users/T
hibaut/Dropbox/M1 IMAGINA/TER_M1/Heliko/documents/rapport/img/cartoon.png (PNG 
copy)>]
<./img/GoogleAnalytics.png, id=164, 514.17094pt x 289.08pt>
File: ./img/GoogleAnalytics.png Graphic file (type png)

<use ./img/GoogleAnalytics.png>
Package pdftex.def Info: ./img/GoogleAnalytics.png used on input line 520.
(pdftex.def)             Requested size: 359.9172pt x 202.35461pt.
 [31] [32 <C:/Users/Thibaut/Dropbox/M1 IMAGINA/TER_M1/Heliko/documents/rapport/
img/GoogleAnalytics.png>] [33]
<./img/opti_sound.png, id=175, 141.52875pt x 121.45375pt>
File: ./img/opti_sound.png Graphic file (type png)

<use ./img/opti_sound.png>
Package pdftex.def Info: ./img/opti_sound.png used on input line 562.
(pdftex.def)             Requested size: 141.5284pt x 121.45343pt.
) [34 <C:/Users/Thibaut/Dropbox/M1 IMAGINA/TER_M1/Heliko/documents/rapport/img/
opti_sound.png>]
("C:\Users\Thibaut\Dropbox\M1 IMAGINA\TER_M1\Heliko\documents\rapport\Resultat.
tex" <./img/resultat_accueil.png, id=181, 496.85625pt x 331.2375pt>
File: ./img/resultat_accueil.png Graphic file (type png)

<use ./img/resultat_accueil.png>
Package pdftex.def Info: ./img/resultat_accueil.png used on input line 8.
(pdftex.def)             Requested size: 298.11604pt x 198.74402pt.

<./img/resultat_niveaux.png, id=182, 496.85625pt x 330.48468pt>
File: ./img/resultat_niveaux.png Graphic file (type png)

<use ./img/resultat_niveaux.png>
Package pdftex.def Info: ./img/resultat_niveaux.png used on input line 16.
(pdftex.def)             Requested size: 298.11604pt x 198.29233pt.
 [35 <C:/Users/Thibaut/Dropbox/M1 IMAGINA/TER_M1/Heliko/documents/rapport/img/r
esultat_accueil.png>]
<./img/resultat_escargot.png, id=189, 628.59843pt x 353.06906pt>
File: ./img/resultat_escargot.png Graphic file (type png)

<use ./img/resultat_escargot.png>
Package pdftex.def Info: ./img/resultat_escargot.png used on input line 38.
(pdftex.def)             Requested size: 251.4349pt x 141.22511pt.
 [36 <C:/Users/Thibaut/Dropbox/M1 IMAGINA/TER_M1/Heliko/documents/rapport/img/r
esultat_niveaux.png>]
<./img/resultat_magicien.png, id=194, 536.0025pt x 298.11375pt>
File: ./img/resultat_magicien.png Graphic file (type png)

<use ./img/resultat_magicien.png>
Package pdftex.def Info: ./img/resultat_magicien.png used on input line 51.
(pdftex.def)             Requested size: 268.0006pt x 149.0565pt.
 [37 <C:/Users/Thibaut/Dropbox/M1 IMAGINA/TER_M1/Heliko/documents/rapport/img/r
esultat_escargot.png> <C:/Users/Thibaut/Dropbox/M1 IMAGINA/TER_M1/Heliko/docume
nts/rapport/img/resultat_magicien.png>]
<./img/resultat_champis.png, id=200, 534.49687pt x 297.36093pt>
File: ./img/resultat_champis.png Graphic file (type png)

<use ./img/resultat_champis.png>
Package pdftex.def Info: ./img/resultat_champis.png used on input line 63.
(pdftex.def)             Requested size: 267.24777pt x 148.6801pt.
) [38 <C:/Users/Thibaut/Dropbox/M1 IMAGINA/TER_M1/Heliko/documents/rapport/img/
resultat_champis.png>]
("C:\Users\Thibaut\Dropbox\M1 IMAGINA\TER_M1\Heliko\documents\rapport\Bilan.tex
") [39]
("C:\Users\Thibaut\Dropbox\M1 IMAGINA\TER_M1\Heliko\documents\rapport\Annexes.t
ex") [40]
("C:\Users\Thibaut\Dropbox\M1 IMAGINA\TER_M1\Heliko\documents\rapport\Main.aux"
)

LaTeX Warning: There were multiply-defined labels.

 ) 
Here is how much of TeX's memory you used:
 6238 strings out of 493921
 85588 string characters out of 3147277
 220908 words of memory out of 3000000
 9376 multiletter control sequences out of 15000+200000
 20179 words of font info for 46 fonts, out of 3000000 for 9000
 841 hyphenation exceptions out of 8191
 37i,9n,40p,1013b,1444s stack positions out of 5000i,500n,10000p,200000b,50000s
{C:/Program Files (x86)/MiKTeX 2.9/fonts/enc/dvips/fontname/8r.enc} <C:\Users
\Thibaut\AppData\Local\MiKTeX\2.9\fonts\pk\ljfour\jknappen\ec\dpi600\ecbx1000.p
k> <C:\Users\Thibaut\AppData\Local\MiKTeX\2.9\fonts\pk\ljfour\jknappen\ec\dpi60
0\ecrm1000.pk> <C:\Users\Thibaut\AppData\Local\MiKTeX\2.9\fonts\pk\ljfour\jknap
pen\ec\dpi600\ecbi1095.pk> <C:\Users\Thibaut\AppData\Local\MiKTeX\2.9\fonts\pk\
ljfour\jknappen\ec\dpi600\eccc1095.pk> <C:\Users\Thibaut\AppData\Local\MiKTeX\2
.9\fonts\pk\ljfour\jknappen\ec\dpi600\ecbx1200.pk> <C:\Users\Thibaut\AppData\Lo
cal\MiKTeX\2.9\fonts\pk\ljfour\jknappen\ec\dpi600\ecti1095.pk> <C:\Users\Thibau
t\AppData\Local\MiKTeX\2.9\fonts\pk\ljfour\jknappen\ec\dpi600\ecrm1095.pk> <C:\
Users\Thibaut\AppData\Local\MiKTeX\2.9\fonts\pk\ljfour\jknappen\ec\dpi600\ecbx1
095.pk> <C:\Users\Thibaut\AppData\Local\MiKTeX\2.9\fonts\pk\ljfour\jknappen\ec\
dpi600\ecbx1440.pk> <C:\Users\Thibaut\AppData\Local\MiKTeX\2.9\fonts\pk\ljfour\
jknappen\ec\dpi600\eccc1200.pk> <C:\Users\Thibaut\AppData\Local\MiKTeX\2.9\font
s\pk\ljfour\jknappen\ec\dpi600\ecrm1200.pk> <C:\Users\Thibaut\AppData\Local\MiK
TeX\2.9\fonts\pk\ljfour\jknappen\ec\dpi600\ecti1200.pk> <C:\Users\Thibaut\AppDa
ta\Local\MiKTeX\2.9\fonts\pk\ljfour\jknappen\ec\dpi600\ecbx2074.pk> <C:\Users\T
hibaut\AppData\Local\MiKTeX\2.9\fonts\pk\ljfour\jknappen\ec\dpi600\eccc1728.pk>
<C:/Program Files (x86)/MiKTeX 2.9/fonts/type1/public/amsfonts/cm/cmmi10.pfb><C
:/Program Files (x86)/MiKTeX 2.9/fonts/type1/public/amsfonts/cm/cmr10.pfb><C:/P
rogram Files (x86)/MiKTeX 2.9/fonts/type1/public/amsfonts/cm/cmsy10.pfb><C:/Pro
gram Files (x86)/MiKTeX 2.9/fonts/type1/public/eurosym/feymr10.pfb><C:/Program 
Files (x86)/MiKTeX 2.9/fonts/type1/bera/fvmb8a.pfb><C:/Program Files (x86)/MiKT
eX 2.9/fonts/type1/bera/fvmr8a.pfb>
Output written on Main.pdf (43 pages, 4416058 bytes).
PDF statistics:
 766 PDF objects out of 1000 (max. 8388607)
 0 named destinations out of 1000 (max. 500000)
 171 words of extra memory for PDF output out of 10000 (max. 10000000)

